0.13 -0.13
0.19 -0.19
0.26 -0.25
0.32 -0.31
0.38 -0.38
0.45 -0.43
0.51 -0.49
0.58 -0.55
0.64 -0.60
0.71 -0.65
0.77 -0.70
0.83 -0.74
0.90 -0.78
0.96 -0.82
1.03 -0.85
1.09 -0.89
1.15 -0.91
1.22 -0.94
1.28 -0.96
1.35 -0.97
1.41 -0.99
1.47 -0.99
1.54 -1.00
1.60 -1.00
1.67 -0.99
1.73 -0.99
1.80 -0.97
1.86 -0.96
1.92 -0.94
1.99 -0.91
2.05 -0.89
2.12 -0.85
2.18 -0.82
2.24 -0.78
2.31 -0.74
2.37 -0.70
2.44 -0.65
2.50 -0.60
2.56 -0.55
2.63 -0.49
2.69 -0.43
2.76 -0.38
2.82 -0.31
2.89 -0.25
2.95 -0.19
3.01 -0.13
3.08 -0.06
3.14 0.00
3.21 0.06
3.27 0.13
3.33 0.19
3.40 0.25
3.46 0.31
3.53 0.38
3.59 0.43
3.65 0.49
3.72 0.55
3.78 0.60
3.85 0.65
3.91 0.70
3.98 0.74
4.04 0.78
4.10 0.82
4.17 0.85
4.23 0.89
4.30 0.91
4.36 0.94
4.42 0.96
4.49 0.97
4.55 0.99
4.62 0.99
4.68 1.00
4.74 1.00
4.81 0.99
4.87 0.99
4.94 0.97
5.00 0.96
5.07 0.94
5.13 0.91
5.19 0.89
5.26 0.85
5.32 0.82
5.39 0.78
5.45 0.74
5.51 0.70
5.58 0.65
5.64 0.60
5.71 0.55
5.77 0.49
5.83 0.43
5.90 0.38
5.96 0.31
6.03 0.25
6.09 0.19
6.15 0.13
6.22 0.06
6.28 -0.00
